Flow report for simplified_sha256
Thu Mar 10 19:13:13 2022
Quartus Prime Version 20.1.0 Build 711 06/05/2020 SJ Lite Edition


---------------------
; Table of Contents ;
---------------------
  1. Legal Notice
  2. Flow Summary
  3. Flow Settings
  4. Flow Non-Default Global Settings
  5. Flow Elapsed Time
  6. Flow OS Summary
  7. Flow Log
  8. Flow Messages
  9. Flow Suppressed Messages



----------------
; Legal Notice ;
----------------
Copyright (C) 2020  Intel Corporation. All rights reserved.
Your use of Intel Corporation's design tools, logic functions 
and other software and tools, and any partner logic 
functions, and any output files from any of the foregoing 
(including device programming or simulation files), and any 
associated documentation or information are expressly subject 
to the terms and conditions of the Intel Program License 
Subscription Agreement, the Intel Quartus Prime License Agreement,
the Intel FPGA IP License Agreement, or other applicable license
agreement, including, without limitation, that your use is for
the sole purpose of programming logic devices manufactured by
Intel and sold by Intel or its authorized distributors.  Please
refer to the applicable agreement for further details, at
https://urldefense.proofpoint.com/v2/url?u=https-3A__fpgasoftware.intel.com_eula&d=DwIGAg&c=-35OiAkTchMrZOngvJPOeA&r=SXoQGMq2h3U7WxJo-vT2-w&m=yEzD-8ANcoErTohy3KyTzGbgVl1bYekiLsEJdaSQnMSC1lBiWwRGDMRUY6ZI5PI7&s=GaC1o9W4SJyY4AkLccRUQrQK_8q9lbMR3nh8mha8yU4&e= .



+---------------------------------------------------------------------------------+
; Flow Summary                                                                    ;
+-----------------------------------+---------------------------------------------+
; Flow Status                       ; Successful - Thu Mar 10 19:13:00 2022       ;
; Quartus Prime Version             ; 20.1.0 Build 711 06/05/2020 SJ Lite Edition ;
; Revision Name                     ; simplified_sha256                           ;
; Top-level Entity Name             ; simplified_sha256                           ;
; Family                            ; Arria II GX                                 ;
; Device                            ; EP2AGX45DF29I5                              ;
; Timing Models                     ; Final                                       ;
; Logic utilization                 ; 9 %                                         ;
;     Combinational ALUTs           ; 2,422 / 36,100 ( 7 % )                      ;
;     Memory ALUTs                  ; 0 / 18,050 ( 0 % )                          ;
;     Dedicated logic registers     ; 2,128 / 36,100 ( 6 % )                      ;
; Total registers                   ; 2128                                        ;
; Total pins                        ; 118 / 404 ( 29 % )                          ;
; Total virtual pins                ; 0                                           ;
; Total block memory bits           ; 0 / 2,939,904 ( 0 % )                       ;
; DSP block 18-bit elements         ; 0 / 232 ( 0 % )                             ;
; Total GXB Receiver Channel PCS    ; 0 / 8 ( 0 % )                               ;
; Total GXB Receiver Channel PMA    ; 0 / 8 ( 0 % )                               ;
; Total GXB Transmitter Channel PCS ; 0 / 8 ( 0 % )                               ;
; Total GXB Transmitter Channel PMA ; 0 / 8 ( 0 % )                               ;
; Total PLLs                        ; 0 / 4 ( 0 % )                               ;
; Total DLLs                        ; 0 / 2 ( 0 % )                               ;
+-----------------------------------+---------------------------------------------+


+-----------------------------------------+
; Flow Settings                           ;
+-------------------+---------------------+
; Option            ; Setting             ;
+-------------------+---------------------+
; Start date & time ; 03/10/2022 19:11:19 ;
; Main task         ; Compilation         ;
; Revision Name     ; simplified_sha256   ;
+-------------------+---------------------+


+------------------------------------------------------------------------------------------------------------------------------------------------+
; Flow Non-Default Global Settings                                                                                                               ;
+-------------------------------------+----------------------------------------+---------------+-------------+-----------------------------------+
; Assignment Name                     ; Value                                  ; Default Value ; Entity Name ; Section Id                        ;
+-------------------------------------+----------------------------------------+---------------+-------------+-----------------------------------+
; AUTO_RAM_RECOGNITION                ; Off                                    ; On            ; --          ; --                                ;
; AUTO_ROM_RECOGNITION                ; Off                                    ; On            ; --          ; --                                ;
; AUTO_SHIFT_REGISTER_RECOGNITION     ; Off                                    ; Auto          ; --          ; --                                ;
; COMPILER_SIGNATURE_ID               ; 27264865551138.164696827912440         ; --            ; --          ; --                                ;
; EDA_GENERATE_FUNCTIONAL_NETLIST     ; Off                                    ; --            ; --          ; eda_board_design_timing           ;
; EDA_GENERATE_FUNCTIONAL_NETLIST     ; Off                                    ; --            ; --          ; eda_board_design_boundary_scan    ;
; EDA_GENERATE_FUNCTIONAL_NETLIST     ; Off                                    ; --            ; --          ; eda_board_design_signal_integrity ;
; EDA_GENERATE_FUNCTIONAL_NETLIST     ; Off                                    ; --            ; --          ; eda_board_design_symbol           ;
; EDA_OUTPUT_DATA_FORMAT              ; Systemverilog Hdl                      ; --            ; --          ; eda_simulation                    ;
; EDA_SIMULATION_TOOL                 ; ModelSim-Altera (SystemVerilog)        ; <None>        ; --          ; --                                ;
; EDA_TIME_SCALE                      ; 1 ps                                   ; --            ; --          ; eda_simulation                    ;
; MAX_CORE_JUNCTION_TEMP              ; 100                                    ; --            ; --          ; --                                ;
; MIN_CORE_JUNCTION_TEMP              ; -40                                    ; --            ; --          ; --                                ;
; PARTITION_COLOR                     ; -- (Not supported for targeted family) ; --            ; --          ; Top                               ;
; PARTITION_FITTER_PRESERVATION_LEVEL ; -- (Not supported for targeted family) ; --            ; --          ; Top                               ;
; PARTITION_NETLIST_TYPE              ; -- (Not supported for targeted family) ; --            ; --          ; Top                               ;
; POWER_BOARD_THERMAL_MODEL           ; None (CONSERVATIVE)                    ; --            ; --          ; --                                ;
; POWER_PRESET_COOLING_SOLUTION       ; 23 MM HEAT SINK WITH 200 LFPM AIRFLOW  ; --            ; --          ; --                                ;
; PROJECT_OUTPUT_DIRECTORY            ; output_files                           ; --            ; --          ; --                                ;
+-------------------------------------+----------------------------------------+---------------+-------------+-----------------------------------+


+--------------------------------------------------------------------------------------------------------------------------+
; Flow Elapsed Time                                                                                                        ;
+----------------------+--------------+-------------------------+---------------------+------------------------------------+
; Module Name          ; Elapsed Time ; Average Processors Used ; Peak Virtual Memory ; Total CPU Time (on all processors) ;
+----------------------+--------------+-------------------------+---------------------+------------------------------------+
; Analysis & Synthesis ; 00:00:33     ; 1.0                     ; 4919 MB             ; 00:01:02                           ;
; Fitter               ; 00:01:06     ; 1.1                     ; 6142 MB             ; 00:01:55                           ;
; Timing Analyzer      ; 00:00:09     ; 1.3                     ; 5016 MB             ; 00:00:10                           ;
; Total                ; 00:01:48     ; --                      ; --                  ; 00:03:07                           ;
+----------------------+--------------+-------------------------+---------------------+------------------------------------+


+------------------------------------------------------------------------------------+
; Flow OS Summary                                                                    ;
+----------------------+------------------+------------+------------+----------------+
; Module Name          ; Machine Hostname ; OS Name    ; OS Version ; Processor type ;
+----------------------+------------------+------------+------------+----------------+
; Analysis & Synthesis ; LAPTOP-J7HU5QJ3  ; Windows 10 ; 10.0       ; x86_64         ;
; Fitter               ; LAPTOP-J7HU5QJ3  ; Windows 10 ; 10.0       ; x86_64         ;
; Timing Analyzer      ; LAPTOP-J7HU5QJ3  ; Windows 10 ; 10.0       ; x86_64         ;
+----------------------+------------------+------------+------------+----------------+


------------
; Flow Log ;
------------
quartus_map --read_settings_files=on --write_settings_files=off simplified_sha256 -c simplified_sha256
quartus_fit --read_settings_files=off --write_settings_files=off simplified_sha256 -c simplified_sha256
quartus_sta simplified_sha256 -c simplified_sha256



